This is pdfTeX, Version 3.141592653-2.6-1.40.22 (TeX Live 2021/W32TeX) (preloaded format=pdflatex 2021.6.18)  14 JUL 2021 17:04
entering extended mode
 restricted \write18 enabled.
 %&-line parsing enabled.
**e236.tex
(./e236.tex
LaTeX2e <2021-06-01> patch level 1
L3 programming layer <2021-06-01>
(c:/texlive/2021/texmf-dist/tex/latex/base/article.cls
Document Class: article 2021/02/12 v1.4n Standard LaTeX document class
(c:/texlive/2021/texmf-dist/tex/latex/base/size10.clo
File: size10.clo 2021/02/12 v1.4n Standard LaTeX file (size option)
)
\c@part=\count182
\c@section=\count183
\c@subsection=\count184
\c@subsubsection=\count185
\c@paragraph=\count186
\c@subparagraph=\count187
\c@figure=\count188
\c@table=\count189
\abovecaptionskip=\skip47
\belowcaptionskip=\skip48
\bibindent=\dimen138
)
(c:/texlive/2021/texmf-dist/tex/latex/graphics/graphicx.sty
Package: graphicx 2020/12/05 v1.2c Enhanced LaTeX Graphics (DPC,SPQR)

(c:/texlive/2021/texmf-dist/tex/latex/graphics/keyval.sty
Package: keyval 2014/10/28 v1.15 key=value parser (DPC)
\KV@toks@=\toks16
)
(c:/texlive/2021/texmf-dist/tex/latex/graphics/graphics.sty
Package: graphics 2021/03/04 v1.4d Standard LaTeX Graphics (DPC,SPQR)

(c:/texlive/2021/texmf-dist/tex/latex/graphics/trig.sty
Package: trig 2016/01/03 v1.10 sin cos tan (DPC)
)
(c:/texlive/2021/texmf-dist/tex/latex/graphics-cfg/graphics.cfg
File: graphics.cfg 2016/06/04 v1.11 sample graphics configuration
)
Package graphics Info: Driver file: pdftex.def on input line 107.

(c:/texlive/2021/texmf-dist/tex/latex/graphics-def/pdftex.def
File: pdftex.def 2020/10/05 v1.2a Graphics/color driver for pdftex
))
\Gin@req@height=\dimen139
\Gin@req@width=\dimen140
)
(c:/texlive/2021/texmf-dist/tex/latex/amsmath/amsmath.sty
Package: amsmath 2021/04/20 v2.17j AMS math features
\@mathmargin=\skip49

For additional information on amsmath, use the `?' option.
(c:/texlive/2021/texmf-dist/tex/latex/amsmath/amstext.sty
Package: amstext 2000/06/29 v2.01 AMS text

(c:/texlive/2021/texmf-dist/tex/latex/amsmath/amsgen.sty
File: amsgen.sty 1999/11/30 v2.0 generic functions
\@emptytoks=\toks17
\ex@=\dimen141
))
(c:/texlive/2021/texmf-dist/tex/latex/amsmath/amsbsy.sty
Package: amsbsy 1999/11/29 v1.2d Bold Symbols
\pmbraise@=\dimen142
)
(c:/texlive/2021/texmf-dist/tex/latex/amsmath/amsopn.sty
Package: amsopn 2016/03/08 v2.02 operator names
)
\inf@bad=\count190
LaTeX Info: Redefining \frac on input line 234.
\uproot@=\count191
\leftroot@=\count192
LaTeX Info: Redefining \overline on input line 399.
\classnum@=\count193
\DOTSCASE@=\count194
LaTeX Info: Redefining \ldots on input line 496.
LaTeX Info: Redefining \dots on input line 499.
LaTeX Info: Redefining \cdots on input line 620.
\Mathstrutbox@=\box50
\strutbox@=\box51
\big@size=\dimen143
LaTeX Font Info:    Redeclaring font encoding OML on input line 743.
LaTeX Font Info:    Redeclaring font encoding OMS on input line 744.
\macc@depth=\count195
\c@MaxMatrixCols=\count196
\dotsspace@=\muskip16
\c@parentequation=\count197
\dspbrk@lvl=\count198
\tag@help=\toks18
\row@=\count199
\column@=\count266
\maxfields@=\count267
\andhelp@=\toks19
\eqnshift@=\dimen144
\alignsep@=\dimen145
\tagshift@=\dimen146
\tagwidth@=\dimen147
\totwidth@=\dimen148
\lineht@=\dimen149
\@envbody=\toks20
\multlinegap=\skip50
\multlinetaggap=\skip51
\mathdisplay@stack=\toks21
LaTeX Info: Redefining \[ on input line 2923.
LaTeX Info: Redefining \] on input line 2924.
)
(c:/texlive/2021/texmf-dist/tex/latex/labs/labs.sty
\c@theorem=\count268
\c@procctr=\count269
)
(c:/texlive/2021/texmf-dist/tex/latex/amsfonts/amsfonts.sty
Package: amsfonts 2013/01/14 v3.01 Basic AMSFonts support
\symAMSa=\mathgroup4
\symAMSb=\mathgroup5
LaTeX Font Info:    Redeclaring math symbol \hbar on input line 98.
LaTeX Font Info:    Overwriting math alphabet `\mathfrak' in version `bold'
(Font)                  U/euf/m/n --> U/euf/b/n on input line 106.
)
(c:/texlive/2021/texmf-dist/tex/latex/amsfonts/amssymb.sty
Package: amssymb 2013/01/14 v3.01 AMS font symbols
)
\c@question=\count270

(c:/texlive/2021/texmf-dist/tex/latex/l3backend/l3backend-pdftex.def
File: l3backend-pdftex.def 2021-05-07 L3 backend support: PDF output (pdfTeX)
\l__color_backend_stack_int=\count271
\l__pdf_internal_box=\box52
)
(./e236.aux)
\openout1 = `e236.aux'.

LaTeX Font Info:    Checking defaults for OML/cmm/m/it on input line 19.
LaTeX Font Info:    ... okay on input line 19.
LaTeX Font Info:    Checking defaults for OMS/cmsy/m/n on input line 19.
LaTeX Font Info:    ... okay on input line 19.
LaTeX Font Info:    Checking defaults for OT1/cmr/m/n on input line 19.
LaTeX Font Info:    ... okay on input line 19.
LaTeX Font Info:    Checking defaults for T1/cmr/m/n on input line 19.
LaTeX Font Info:    ... okay on input line 19.
LaTeX Font Info:    Checking defaults for TS1/cmr/m/n on input line 19.
LaTeX Font Info:    ... okay on input line 19.
LaTeX Font Info:    Checking defaults for OMX/cmex/m/n on input line 19.
LaTeX Font Info:    ... okay on input line 19.
LaTeX Font Info:    Checking defaults for U/cmr/m/n on input line 19.
LaTeX Font Info:    ... okay on input line 19.
 (c:/texlive/2021/texmf-dist/tex/context/base/mkii/supp-pdf.mkii
[Loading MPS to PDF converter (version 2006.09.02).]
\scratchcounter=\count272
\scratchdimen=\dimen150
\scratchbox=\box53
\nofMPsegments=\count273
\nofMParguments=\count274
\everyMPshowfont=\toks22
\MPscratchCnt=\count275
\MPscratchDim=\dimen151
\MPnumerator=\count276
\makeMPintoPDFobject=\count277
\everyMPtoPDFconversion=\toks23
) (c:/texlive/2021/texmf-dist/tex/latex/epstopdf-pkg/epstopdf-base.sty
Package: epstopdf-base 2020-01-24 v2.11 Base part for package epstopdf
Package epstopdf-base Info: Redefining graphics rule for `.eps' on input line 4
85.

(c:/texlive/2021/texmf-dist/tex/latex/latexconfig/epstopdf-sys.cfg
File: epstopdf-sys.cfg 2010/07/13 v1.3 Configuration of (r)epstopdf for TeX Liv
e
))
LaTeX Font Info:    Trying to load font information for U+msa on input line 42.


(c:/texlive/2021/texmf-dist/tex/latex/amsfonts/umsa.fd
File: umsa.fd 2013/01/14 v3.01 AMS symbols A
)
LaTeX Font Info:    Trying to load font information for U+msb on input line 42.


(c:/texlive/2021/texmf-dist/tex/latex/amsfonts/umsb.fd
File: umsb.fd 2013/01/14 v3.01 AMS symbols B
)
Package epstopdf Info: Source file: <f23601.eps>
(epstopdf)                    date: 2021-06-18 11:44:58
(epstopdf)                    size: 42769 bytes
(epstopdf)             Output file: <f23601-eps-converted-to.pdf>
(epstopdf)                    date: 2021-07-12 13:22:58
(epstopdf)                    size: 35685 bytes
(epstopdf)             Command: <repstopdf --outfile=f23601-eps-converted-to.pd
f f23601.eps>
(epstopdf)             \includegraphics on input line 58.
Package epstopdf Info: Output file is already uptodate.
<f23601-eps-converted-to.pdf, id=1, 557.08125pt x 243.91125pt>
File: f23601-eps-converted-to.pdf Graphic file (type pdf)
<use f23601-eps-converted-to.pdf>
Package pdftex.def Info: f23601-eps-converted-to.pdf  used on input line 58.
(pdftex.def)             Requested size: 557.0799pt x 243.91064pt.
 [1{c:/texlive/2021/texmf-var/fonts/map/pdftex/updmap/pdftex.map}

 <./f23601-eps-converted-to.pdf>]
Package epstopdf Info: Source file: <f23602.eps>
(epstopdf)                    date: 2021-06-18 11:44:58
(epstopdf)                    size: 40800 bytes
(epstopdf)             Output file: <f23602-eps-converted-to.pdf>
(epstopdf)                    date: 2021-07-12 13:23:00
(epstopdf)                    size: 34133 bytes
(epstopdf)             Command: <repstopdf --outfile=f23602-eps-converted-to.pd
f f23602.eps>
(epstopdf)             \includegraphics on input line 75.
Package epstopdf Info: Output file is already uptodate.
<f23602-eps-converted-to.pdf, id=14, 557.08125pt x 355.3275pt>
File: f23602-eps-converted-to.pdf Graphic file (type pdf)
<use f23602-eps-converted-to.pdf>
Package pdftex.def Info: f23602-eps-converted-to.pdf  used on input line 75.
(pdftex.def)             Requested size: 557.0799pt x 355.32661pt.
Package epstopdf Info: Source file: <f23603.eps>
(epstopdf)                    date: 2021-06-18 11:44:58
(epstopdf)                    size: 28139 bytes
(epstopdf)             Output file: <f23603-eps-converted-to.pdf>
(epstopdf)                    date: 2021-07-12 13:23:02
(epstopdf)                    size: 24164 bytes
(epstopdf)             Command: <repstopdf --outfile=f23603-eps-converted-to.pd
f f23603.eps>
(epstopdf)             \includegraphics on input line 85.
Package epstopdf Info: Output file is already uptodate.
<f23603-eps-converted-to.pdf, id=15, 557.08125pt x 277.035pt>
File: f23603-eps-converted-to.pdf Graphic file (type pdf)
<use f23603-eps-converted-to.pdf>
Package pdftex.def Info: f23603-eps-converted-to.pdf  used on input line 85.
(pdftex.def)             Requested size: 557.0799pt x 277.03432pt.

[2 <./f23602-eps-converted-to.pdf> <./f23603-eps-converted-to.pdf>]
Package epstopdf Info: Source file: <f23605.eps>
(epstopdf)                    date: 2021-06-18 11:44:58
(epstopdf)                    size: 4689 bytes
(epstopdf)             Output file: <f23605-eps-converted-to.pdf>
(epstopdf)                    date: 2021-07-12 13:23:08
(epstopdf)                    size: 7833 bytes
(epstopdf)             Command: <repstopdf --outfile=f23605-eps-converted-to.pd
f f23605.eps>
(epstopdf)             \includegraphics on input line 122.
Package epstopdf Info: Output file is already uptodate.
<f23605-eps-converted-to.pdf, id=24, 377.41pt x 172.645pt>
File: f23605-eps-converted-to.pdf Graphic file (type pdf)
<use f23605-eps-converted-to.pdf>
Package pdftex.def Info: f23605-eps-converted-to.pdf  used on input line 122.
(pdftex.def)             Requested size: 377.40907pt x 172.64456pt.


LaTeX Warning: Reference `pro1' on page 236-3 undefined on input line 134.

[3 <./f23605-eps-converted-to.pdf>]
Package epstopdf Info: Source file: <f23606.eps>
(epstopdf)                    date: 2021-06-18 11:44:58
(epstopdf)                    size: 43100 bytes
(epstopdf)             Output file: <f23606-eps-converted-to.pdf>
(epstopdf)                    date: 2021-07-12 13:23:11
(epstopdf)                    size: 35938 bytes
(epstopdf)             Command: <repstopdf --outfile=f23606-eps-converted-to.pd
f f23606.eps>
(epstopdf)             \includegraphics on input line 162.
Package epstopdf Info: Output file is already uptodate.
<f23606-eps-converted-to.pdf, id=38, 557.08125pt x 357.335pt>
File: f23606-eps-converted-to.pdf Graphic file (type pdf)
<use f23606-eps-converted-to.pdf>
Package pdftex.def Info: f23606-eps-converted-to.pdf  used on input line 162.
(pdftex.def)             Requested size: 557.0799pt x 357.33412pt.
Package epstopdf Info: Source file: <f23607.eps>
(epstopdf)                    date: 2021-06-18 11:44:58
(epstopdf)                    size: 3372 bytes
(epstopdf)             Output file: <f23607-eps-converted-to.pdf>
(epstopdf)                    date: 2021-07-12 13:23:13
(epstopdf)                    size: 2827 bytes
(epstopdf)             Command: <repstopdf --outfile=f23607-eps-converted-to.pd
f f23607.eps>
(epstopdf)             \includegraphics on input line 186.
Package epstopdf Info: Output file is already uptodate.
<f23607-eps-converted-to.pdf, id=39, 399.4925pt x 82.3075pt>
File: f23607-eps-converted-to.pdf Graphic file (type pdf)
<use f23607-eps-converted-to.pdf>
Package pdftex.def Info: f23607-eps-converted-to.pdf  used on input line 186.
(pdftex.def)             Requested size: 399.49152pt x 82.30728pt.


LaTeX Warning: `!h' float specifier changed to `!ht'.

[4 <./f23606-eps-converted-to.pdf>]
Package epstopdf Info: Source file: <f23608.eps>
(epstopdf)                    date: 2021-06-18 11:44:58
(epstopdf)                    size: 4424 bytes
(epstopdf)             Output file: <f23608-eps-converted-to.pdf>
(epstopdf)                    date: 2021-07-12 13:23:16
(epstopdf)                    size: 6397 bytes
(epstopdf)             Command: <repstopdf --outfile=f23608-eps-converted-to.pd
f f23608.eps>
(epstopdf)             \includegraphics on input line 202.
Package epstopdf Info: Output file is already uptodate.
<f23608-eps-converted-to.pdf, id=45, 291.0875pt x 281.05pt>
File: f23608-eps-converted-to.pdf Graphic file (type pdf)
<use f23608-eps-converted-to.pdf>
Package pdftex.def Info: f23608-eps-converted-to.pdf  used on input line 202.
(pdftex.def)             Requested size: 291.08678pt x 281.0493pt.
 [5 <./f23607-eps-converted-to.pdf> <./f23608-eps-converted-to.pdf>] (./e236.au
x)

LaTeX Warning: There were undefined references.

 ) 
Here is how much of TeX's memory you used:
 2518 strings out of 478512
 33880 string characters out of 5853626
 337316 words of memory out of 5000000
 20482 multiletter control sequences out of 15000+600000
 407645 words of font info for 43 fonts, out of 8000000 for 9000
 1141 hyphenation exceptions out of 8191
 57i,9n,66p,799b,345s stack positions out of 5000i,500n,10000p,200000b,80000s
<c:/texlive/2021/texmf-dist/fonts/type1/public/amsfonts/cm/cmbx10.pfb><c:/tex
live/2021/texmf-dist/fonts/type1/public/amsfonts/cm/cmbx12.pfb><c:/texlive/2021
/texmf-dist/fonts/type1/public/amsfonts/cm/cmmi10.pfb><c:/texlive/2021/texmf-di
st/fonts/type1/public/amsfonts/cm/cmr10.pfb><c:/texlive/2021/texmf-dist/fonts/t
ype1/public/amsfonts/cm/cmr17.pfb><c:/texlive/2021/texmf-dist/fonts/type1/publi
c/amsfonts/cm/cmr7.pfb><c:/texlive/2021/texmf-dist/fonts/type1/public/amsfonts/
cm/cmsl10.pfb><c:/texlive/2021/texmf-dist/fonts/type1/public/amsfonts/cm/cmti10
.pfb>
Output written on e236.pdf (5 pages, 254608 bytes).
PDF statistics:
 88 PDF objects out of 1000 (max. 8388607)
 50 compressed objects within 1 object stream
 0 named destinations out of 1000 (max. 500000)
 36 words of extra memory for PDF output out of 10000 (max. 10000000)

